


ARM Macro Assembler    Page 1 


    1 00000000                 AREA             PROGRAM, CODE, READONLY
    2 00000000                 ENTRY
    3 00000000         MAIN
    4 00000000 E59F1040        LDR              R1,ARRAY    ;load value 0X40000
                                                            004 to R1
    5 00000004 E59F2040        LDR              R2,COUNT    ;load vlaue 0X40000
                                                            000 to r2 act as a 
                                                            counter
    6 00000008 E5923000        LDR              R3,[R2]     ;load  content of R
                                                            2 to R3
    7 0000000C E5914000 
                       LOOP    LDR              R4,[R1]     ;load content of R1
                                                             to R4
    8 00000010 E3540000        CMP              R4,#0       ;compare the value 
                                                            of R4 to check the 
                                                            no equal to 0 if it
                                                             is 0 it set 0 flag
                                                             to high
    9 00000014 4A000005        BMI              JUMP        ;if the number is n
                                                            egetive move to jum
                                                            p instruction
   10 00000018 E0A55004        ADC              R5,R4       ;if not equal to 0 
                                                            add r5 and r4 and s
                                                            tore in r5
   11 0000001C E2811004        ADD              R1,#4       ;incrementing the a
                                                            ddress in R1 to get
                                                             the next element f
                                                            rom the array
   12 00000020 E2433001        ADD              R3,#-1      ;decrementing r3 wh
                                                            ich is the counter 
                                                            value
   13 00000024 E3530000        CMP              R3,#0       ;again check if R3 
                                                            is 0 or not if yes 
                                                            set 0 flag to high
   14 00000028 0A000003        BEQ              DONE        ;if not 0 jump to d
                                                            one
   15 0000002C EAFFFFF6        B                LOOP        ;else go to loop
   16 00000030 E2811004 
                       JUMP    ADD              R1,#4       ;incrementing r1
   17 00000034 E2433001        ADD              R3,#-1      ;decrementing r3 co
                                                            unter
   18 00000038 EAFFFFF3        B                LOOP        ;branch to loop
   19 0000003C E59F200C 
                       DONE    LDR              R2,RESULT   ;laoding address to
                                                             store result
   20 00000040 E5825000        STR              R5,[R2]     ;storing result
   21 00000044 EAFFFFFE 
                       STOP    B                STOP        ;
   22 00000048 40000004 
                       ARRAY   DCD              0X40000004  ;
   23 0000004C 40000000 
                       COUNT   DCD              0X40000000  ;
   24 00000050 4000002C 
                       RESULT  DCD              0X4000002C  ;
   25 00000054         END
                       
Command Line: --debug --xref --diag_suppress=9931 --apcs=interwork --depend=.\o
bjects\q2.d -o.\objects\q2.o -IC:\Keil_v5\ARM\RV31\INC -IC:\Keil_v5\ARM\CMSIS\I
nclude --predefine="__EVAL SETA 1" --predefine="__UVISION_VERSION SETA 525" --l



ARM Macro Assembler    Page 2 


ist=.\listings\q2.lst q2.s



ARM Macro Assembler    Page 1 Alphabetic symbol ordering
Relocatable symbols

ARRAY 00000048

Symbol: ARRAY
   Definitions
      At line 22 in file q2.s
   Uses
      At line 4 in file q2.s
Comment: ARRAY used once
COUNT 0000004C

Symbol: COUNT
   Definitions
      At line 23 in file q2.s
   Uses
      At line 5 in file q2.s
Comment: COUNT used once
DONE 0000003C

Symbol: DONE
   Definitions
      At line 19 in file q2.s
   Uses
      At line 14 in file q2.s
Comment: DONE used once
END 00000054

Symbol: END
   Definitions
      At line 25 in file q2.s
   Uses
      None
Comment: END unused
JUMP 00000030

Symbol: JUMP
   Definitions
      At line 16 in file q2.s
   Uses
      At line 9 in file q2.s
Comment: JUMP used once
LOOP 0000000C

Symbol: LOOP
   Definitions
      At line 7 in file q2.s
   Uses
      At line 15 in file q2.s
      At line 18 in file q2.s

MAIN 00000000

Symbol: MAIN
   Definitions
      At line 3 in file q2.s
   Uses
      None
Comment: MAIN unused
PROGRAM 00000000




ARM Macro Assembler    Page 2 Alphabetic symbol ordering
Relocatable symbols

Symbol: PROGRAM
   Definitions
      At line 1 in file q2.s
   Uses
      None
Comment: PROGRAM unused
RESULT 00000050

Symbol: RESULT
   Definitions
      At line 24 in file q2.s
   Uses
      At line 19 in file q2.s
Comment: RESULT used once
STOP 00000044

Symbol: STOP
   Definitions
      At line 21 in file q2.s
   Uses
      At line 21 in file q2.s
Comment: STOP used once
10 symbols
342 symbols in table
